<?xml version="1.0" encoding="UTF-8" ?>
<testsuites>
  <testsuite errors="0" failures="0" hostname="Paul-Fairlesss-MacBook-Air.local" id="0" name="LesscssBundleSpec" package="" tests="1" time="7.755" timestamp="2011-06-03T08:29:12">
      <properties />

      <testcase classname="LesscssBundleSpec" name="check lesscss rules rendered" time="7.742" />

      <system-out><![CDATA[--Output from check lesscss rules rendered--
]]></system-out>

      <system-err><![CDATA[--Output from check lesscss rules rendered--
]]></system-err>

  </testsuite>
  <testsuite errors="0" failures="0" hostname="Paul-Fairlesss-MacBook-Air.local" id="1" name="LesscssResourceMapperTests" package="" tests="6" time="1.105" timestamp="2011-06-03T08:28:50">
      <properties />

      <testcase classname="LesscssResourceMapperTests" name="testMapperGeneratesCssFromLessResource" time="0.999" />

      <testcase classname="LesscssResourceMapperTests" name="testMapperHandlesUpperCaseFileExtension" time="0.041" />

      <testcase classname="LesscssResourceMapperTests" name="testMapperRunsEarlyInProcessingPipeline" time="0.0010" />

      <testcase classname="LesscssResourceMapperTests" name="testMapperExcludesAllButCSS" time="0.0050" />

      <testcase classname="LesscssResourceMapperTests" name="testMapperOnlyProcessesLessFiles" time="0.022" />

      <testcase classname="LesscssResourceMapperTests" name="testGeneratedFilename" time="0.0030" />

      <system-out><![CDATA[--Output from testMapperGeneratesCssFromLessResource--
--Output from testMapperHandlesUpperCaseFileExtension--
--Output from testMapperRunsEarlyInProcessingPipeline--
--Output from testMapperExcludesAllButCSS--
--Output from testMapperOnlyProcessesLessFiles--
--Output from testGeneratedFilename--
]]></system-out>

      <system-err><![CDATA[--Output from testMapperGeneratesCssFromLessResource--
--Output from testMapperHandlesUpperCaseFileExtension--
--Output from testMapperRunsEarlyInProcessingPipeline--
--Output from testMapperExcludesAllButCSS--
--Output from testMapperOnlyProcessesLessFiles--
--Output from testGeneratedFilename--
]]></system-err>

  </testsuite>
</testsuites>
